[Initial Memory State]
Instruction Cache
	0: addi X1, X0, 24
	4: addi X2, X0, 124
	8: fld F2, 200(X0)
	12: fld F0, 0(X1)
	16: fmul F0, F0, F2
	20: fld F4, 0(X2)
	24: fadd F0, F0, F4
	28: fsd F0, 0(X2)
	32: addi X1, X1, -8
	36: addi X2, X2, -8
	40: bne X1, X0, 12
Data Cache
	Address	Value
	0:	111
	8:	14
	16:	5
	24:	10
	100:	2
	108:	27
	116:	3
	124:	8
	200:	12

[Simulation Results]
Clock Cycle: 1
 PC: 4 ================================================
Fetch Queue
	0: addi X1, X0, 24
Instruction (Decode) Queue
Reservation Station
	Type	Busy	Remaining CC	Op    	Dest	Src1	Src2	ROB Index
	Load1	false	-1              nop 	$0  	$0  	$0  	-1   
	Load2	false	-1              nop 	$0  	$0  	$0  	-1   
	BU1   	false	-1              nop 	$0  	$0  	$0  	-1   
	BU2   	false	-1              nop 	$0  	$0  	$0  	-1   
	INT1	false	-1              nop 	$0  	$0  	$0  	-1   
	INT2	false	-1              nop 	$0  	$0  	$0  	-1   
	INT3	false	-1              nop 	$0  	$0  	$0  	-1   
	INT4	false	-1              nop 	$0  	$0  	$0  	-1   
	FPadd1	false	-1              nop 	$0  	$0  	$0  	-1   
	FPadd2	false	-1              nop 	$0  	$0  	$0  	-1   
	FPadd3	false	-1              nop 	$0  	$0  	$0  	-1   
	FPmult1	false	-1              nop 	$0  	$0  	$0  	-1   
	FPmult2	false	-1              nop 	$0  	$0  	$0  	-1   
	FPmult3	false	-1              nop 	$0  	$0  	$0  	-1   
	FPDiv1	false	-1              nop 	$0  	$0  	$0  	-1   
	FPDiv2	false	-1              nop 	$0  	$0  	$0  	-1   
	Store1	false	-1              nop 	$0  	$0  	$0  	-1   
	Store2	false	-1              nop 	$0  	$0  	$0  	-1   
Reorder Buffer
	HEAD:	0	TAIL:	0
	ROB  BUSY  DEST  VALUE OP
	0    false       0     nop 
	1    false       0     nop 
	2    false       0     nop 
	3    false       0     nop 
	4    false       0     nop 
	5    false       0     nop 
	6    false       0     nop 
	7    false       0     nop 
	8    false       0     nop 
	9    false       0     nop 
	10   false       0     nop 
	11   false       0     nop 
	12   false       0     nop 
	13   false       0     nop 
	14   false       0     nop 
	15   false       0     nop 
Register Mapping
Clock Cycle: 2
 PC: 8 ================================================
Fetch Queue
	4: addi X2, X0, 124
Instruction (Decode) Queue
	addi $0, $ZERO, 24
Reservation Station
	Type	Busy	Remaining CC	Op    	Dest	Src1	Src2	ROB Index
	Load1	false	-1              nop 	$0  	$0  	$0  	-1   
	Load2	false	-1              nop 	$0  	$0  	$0  	-1   
	BU1   	false	-1              nop 	$0  	$0  	$0  	-1   
	BU2   	false	-1              nop 	$0  	$0  	$0  	-1   
	INT1	false	-1              nop 	$0  	$0  	$0  	-1   
	INT2	false	-1              nop 	$0  	$0  	$0  	-1   
	INT3	false	-1              nop 	$0  	$0  	$0  	-1   
	INT4	false	-1              nop 	$0  	$0  	$0  	-1   
	FPadd1	false	-1              nop 	$0  	$0  	$0  	-1   
	FPadd2	false	-1              nop 	$0  	$0  	$0  	-1   
	FPadd3	false	-1              nop 	$0  	$0  	$0  	-1   
	FPmult1	false	-1              nop 	$0  	$0  	$0  	-1   
	FPmult2	false	-1              nop 	$0  	$0  	$0  	-1   
	FPmult3	false	-1              nop 	$0  	$0  	$0  	-1   
	FPDiv1	false	-1              nop 	$0  	$0  	$0  	-1   
	FPDiv2	false	-1              nop 	$0  	$0  	$0  	-1   
	Store1	false	-1              nop 	$0  	$0  	$0  	-1   
	Store2	false	-1              nop 	$0  	$0  	$0  	-1   
Reorder Buffer
	HEAD:	0	TAIL:	0
	ROB  BUSY  DEST  VALUE OP
	0    false       0     nop 
	1    false       0     nop 
	2    false       0     nop 
	3    false       0     nop 
	4    false       0     nop 
	5    false       0     nop 
	6    false       0     nop 
	7    false       0     nop 
	8    false       0     nop 
	9    false       0     nop 
	10   false       0     nop 
	11   false       0     nop 
	12   false       0     nop 
	13   false       0     nop 
	14   false       0     nop 
	15   false       0     nop 
Register Mapping
	X0 -> $ZERO = 0
	X1 -> $0 = 0
Clock Cycle: 3
 PC: 12 ================================================
Fetch Queue
	8: fld F2, 200(X0)
Instruction (Decode) Queue
	addi $1, $ZERO, 124
Reservation Station
	Type	Busy	Remaining CC	Op    	Dest	Src1	Src2	ROB Index
	Load1	false	-1              nop 	$0  	$0  	$0  	-1   
	Load2	false	-1              nop 	$0  	$0  	$0  	-1   
	BU1   	false	-1              nop 	$0  	$0  	$0  	-1   
	BU2   	false	-1              nop 	$0  	$0  	$0  	-1   
	INT1	true 	1               addi	$0  	$ZERO	$0  	0    
	INT2	false	-1              nop 	$0  	$0  	$0  	-1   
	INT3	false	-1              nop 	$0  	$0  	$0  	-1   
	INT4	false	-1              nop 	$0  	$0  	$0  	-1   
	FPadd1	false	-1              nop 	$0  	$0  	$0  	-1   
	FPadd2	false	-1              nop 	$0  	$0  	$0  	-1   
	FPadd3	false	-1              nop 	$0  	$0  	$0  	-1   
	FPmult1	false	-1              nop 	$0  	$0  	$0  	-1   
	FPmult2	false	-1              nop 	$0  	$0  	$0  	-1   
	FPmult3	false	-1              nop 	$0  	$0  	$0  	-1   
	FPDiv1	false	-1              nop 	$0  	$0  	$0  	-1   
	FPDiv2	false	-1              nop 	$0  	$0  	$0  	-1   
	Store1	false	-1              nop 	$0  	$0  	$0  	-1   
	Store2	false	-1              nop 	$0  	$0  	$0  	-1   
Reorder Buffer
	HEAD:	0	TAIL:	1
	ROB  BUSY  DEST  VALUE OP
	0    true  X1    0     addi
	1    false       0     nop 
	2    false       0     nop 
	3    false       0     nop 
	4    false       0     nop 
	5    false       0     nop 
	6    false       0     nop 
	7    false       0     nop 
	8    false       0     nop 
	9    false       0     nop 
	10   false       0     nop 
	11   false       0     nop 
	12   false       0     nop 
	13   false       0     nop 
	14   false       0     nop 
	15   false       0     nop 
Register Mapping
	X0 -> $ZERO = 0
	X1 -> $0 = 0
	X2 -> $1 = 0
Clock Cycle: 4
 PC: 16 ================================================
Fetch Queue
	12: fld F0, 0(X1)
Instruction (Decode) Queue
	fld  $2, 200($ZERO)
Reservation Station
	Type	Busy	Remaining CC	Op    	Dest	Src1	Src2	ROB Index
	Load1	false	-1              nop 	$0  	$0  	$0  	-1   
	Load2	false	-1              nop 	$0  	$0  	$0  	-1   
	BU1   	false	-1              nop 	$0  	$0  	$0  	-1   
	BU2   	false	-1              nop 	$0  	$0  	$0  	-1   
	INT1	true 	1               addi	$1  	$ZERO	$0  	1    
	INT2	false	-1              nop 	$0  	$0  	$0  	-1   
	INT3	false	-1              nop 	$0  	$0  	$0  	-1   
	INT4	false	-1              nop 	$0  	$0  	$0  	-1   
	FPadd1	false	-1              nop 	$0  	$0  	$0  	-1   
	FPadd2	false	-1              nop 	$0  	$0  	$0  	-1   
	FPadd3	false	-1              nop 	$0  	$0  	$0  	-1   
	FPmult1	false	-1              nop 	$0  	$0  	$0  	-1   
	FPmult2	false	-1              nop 	$0  	$0  	$0  	-1   
	FPmult3	false	-1              nop 	$0  	$0  	$0  	-1   
	FPDiv1	false	-1              nop 	$0  	$0  	$0  	-1   
	FPDiv2	false	-1              nop 	$0  	$0  	$0  	-1   
	Store1	false	-1              nop 	$0  	$0  	$0  	-1   
	Store2	false	-1              nop 	$0  	$0  	$0  	-1   
Reorder Buffer
	HEAD:	1	TAIL:	2
	ROB  BUSY  DEST  VALUE OP
	0    false X1    24    addi
	1    true  X2    0     addi
	2    false       0     nop 
	3    false       0     nop 
	4    false       0     nop 
	5    false       0     nop 
	6    false       0     nop 
	7    false       0     nop 
	8    false       0     nop 
	9    false       0     nop 
	10   false       0     nop 
	11   false       0     nop 
	12   false       0     nop 
	13   false       0     nop 
	14   false       0     nop 
	15   false       0     nop 
Register Mapping
	X0 -> $ZERO = 0
	X1 -> $0 = 24
	X2 -> $1 = 0
	F2 -> $2 = 0
Clock Cycle: 5
 PC: 20 ================================================
Fetch Queue
	16: fmul F0, F0, F2
Instruction (Decode) Queue
	fld  $3, 0($0)
Reservation Station
	Type	Busy	Remaining CC	Op    	Dest	Src1	Src2	ROB Index
	Load1	true 	1               fld 	$2  	$ZERO	$0  	2    
	Load2	false	-1              nop 	$0  	$0  	$0  	-1   
	BU1   	false	-1              nop 	$0  	$0  	$0  	-1   
	BU2   	false	-1              nop 	$0  	$0  	$0  	-1   
	INT1	false	0               addi	$1  	$ZERO	$0  	1    
	INT2	false	-1              nop 	$0  	$0  	$0  	-1   
	INT3	false	-1              nop 	$0  	$0  	$0  	-1   
	INT4	false	-1              nop 	$0  	$0  	$0  	-1   
	FPadd1	false	-1              nop 	$0  	$0  	$0  	-1   
	FPadd2	false	-1              nop 	$0  	$0  	$0  	-1   
	FPadd3	false	-1              nop 	$0  	$0  	$0  	-1   
	FPmult1	false	-1              nop 	$0  	$0  	$0  	-1   
	FPmult2	false	-1              nop 	$0  	$0  	$0  	-1   
	FPmult3	false	-1              nop 	$0  	$0  	$0  	-1   
	FPDiv1	false	-1              nop 	$0  	$0  	$0  	-1   
	FPDiv2	false	-1              nop 	$0  	$0  	$0  	-1   
	Store1	false	-1              nop 	$0  	$0  	$0  	-1   
	Store2	false	-1              nop 	$0  	$0  	$0  	-1   
Reorder Buffer
	HEAD:	2	TAIL:	3
	ROB  BUSY  DEST  VALUE OP
	0    false X1    24    addi
	1    false X2    124   addi
	2    true  F2    0     fld 
	3    false       0     nop 
	4    false       0     nop 
	5    false       0     nop 
	6    false       0     nop 
	7    false       0     nop 
	8    false       0     nop 
	9    false       0     nop 
	10   false       0     nop 
	11   false       0     nop 
	12   false       0     nop 
	13   false       0     nop 
	14   false       0     nop 
	15   false       0     nop 
Register Mapping
	X0 -> $ZERO = 0
	X1 -> $0 = 24
	X2 -> $1 = 124
	F0 -> $3 = 0
	F2 -> $2 = 0
Clock Cycle: 6
 PC: 24 ================================================
Fetch Queue
	20: fld F4, 0(X2)
Instruction (Decode) Queue
	fmul $4, $3, $2
Reservation Station
	Type	Busy	Remaining CC	Op    	Dest	Src1	Src2	ROB Index
	Load1	true 	1               fld 	$3  	$0  	$0  	3    
	Load2	false	-1              nop 	$0  	$0  	$0  	-1   
	BU1   	false	-1              nop 	$0  	$0  	$0  	-1   
	BU2   	false	-1              nop 	$0  	$0  	$0  	-1   
	INT1	false	0               addi	$1  	$ZERO	$0  	1    
	INT2	false	-1              nop 	$0  	$0  	$0  	-1   
	INT3	false	-1              nop 	$0  	$0  	$0  	-1   
	INT4	false	-1              nop 	$0  	$0  	$0  	-1   
	FPadd1	false	-1              nop 	$0  	$0  	$0  	-1   
	FPadd2	false	-1              nop 	$0  	$0  	$0  	-1   
	FPadd3	false	-1              nop 	$0  	$0  	$0  	-1   
	FPmult1	false	-1              nop 	$0  	$0  	$0  	-1   
	FPmult2	false	-1              nop 	$0  	$0  	$0  	-1   
	FPmult3	false	-1              nop 	$0  	$0  	$0  	-1   
	FPDiv1	false	-1              nop 	$0  	$0  	$0  	-1   
	FPDiv2	false	-1              nop 	$0  	$0  	$0  	-1   
	Store1	false	-1              nop 	$0  	$0  	$0  	-1   
	Store2	false	-1              nop 	$0  	$0  	$0  	-1   
Reorder Buffer
	HEAD:	3	TAIL:	4
	ROB  BUSY  DEST  VALUE OP
	0    false X1    24    addi
	1    false X2    124   addi
	2    false F2    12    fld 
	3    true  F0    0     fld 
	4    false       0     nop 
	5    false       0     nop 
	6    false       0     nop 
	7    false       0     nop 
	8    false       0     nop 
	9    false       0     nop 
	10   false       0     nop 
	11   false       0     nop 
	12   false       0     nop 
	13   false       0     nop 
	14   false       0     nop 
	15   false       0     nop 
Register Mapping
	X0 -> $ZERO = 0
	X1 -> $0 = 24
	X2 -> $1 = 124
	F0 -> $4 = 0
	F2 -> $2 = 12
Clock Cycle: 7
 PC: 28 ================================================
Fetch Queue
	24: fadd F0, F0, F4
Instruction (Decode) Queue
	fld  $5, 0($1)
Reservation Station
	Type	Busy	Remaining CC	Op    	Dest	Src1	Src2	ROB Index
	Load1	false	0               fld 	$3  	$0  	$0  	3    
	Load2	false	-1              nop 	$0  	$0  	$0  	-1   
	BU1   	false	-1              nop 	$0  	$0  	$0  	-1   
	BU2   	false	-1              nop 	$0  	$0  	$0  	-1   
	INT1	false	0               addi	$1  	$ZERO	$0  	1    
	INT2	false	-1              nop 	$0  	$0  	$0  	-1   
	INT3	false	-1              nop 	$0  	$0  	$0  	-1   
	INT4	false	-1              nop 	$0  	$0  	$0  	-1   
	FPadd1	false	-1              nop 	$0  	$0  	$0  	-1   
	FPadd2	false	-1              nop 	$0  	$0  	$0  	-1   
	FPadd3	false	-1              nop 	$0  	$0  	$0  	-1   
	FPmult1	true 	4               fmul	$4  	$3  	$2  	4    
	FPmult2	false	-1              nop 	$0  	$0  	$0  	-1   
	FPmult3	false	-1              nop 	$0  	$0  	$0  	-1   
	FPDiv1	false	-1              nop 	$0  	$0  	$0  	-1   
	FPDiv2	false	-1              nop 	$0  	$0  	$0  	-1   
	Store1	false	-1              nop 	$0  	$0  	$0  	-1   
	Store2	false	-1              nop 	$0  	$0  	$0  	-1   
Reorder Buffer
	HEAD:	4	TAIL:	5
	ROB  BUSY  DEST  VALUE OP
	0    false X1    24    addi
	1    false X2    124   addi
	2    false F2    12    fld 
	3    false F0    10    fld 
	4    true  F0    0     fmul
	5    false       0     nop 
	6    false       0     nop 
	7    false       0     nop 
	8    false       0     nop 
	9    false       0     nop 
	10   false       0     nop 
	11   false       0     nop 
	12   false       0     nop 
	13   false       0     nop 
	14   false       0     nop 
	15   false       0     nop 
Register Mapping
	X0 -> $ZERO = 0
	X1 -> $0 = 24
	X2 -> $1 = 124
	F0 -> $4 = 0
	F2 -> $2 = 12
	F4 -> $5 = 0
Clock Cycle: 8
 PC: 32 ================================================
Fetch Queue
	28: fsd F0, 0(X2)
Instruction (Decode) Queue
	fadd $6, $4, $5
Reservation Station
	Type	Busy	Remaining CC	Op    	Dest	Src1	Src2	ROB Index
	Load1	true 	1               fld 	$5  	$1  	$0  	5    
	Load2	false	-1              nop 	$0  	$0  	$0  	-1   
	BU1   	false	-1              nop 	$0  	$0  	$0  	-1   
	BU2   	false	-1              nop 	$0  	$0  	$0  	-1   
	INT1	false	0               addi	$1  	$ZERO	$0  	1    
	INT2	false	-1              nop 	$0  	$0  	$0  	-1   
	INT3	false	-1              nop 	$0  	$0  	$0  	-1   
	INT4	false	-1              nop 	$0  	$0  	$0  	-1   
	FPadd1	false	-1              nop 	$0  	$0  	$0  	-1   
	FPadd2	false	-1              nop 	$0  	$0  	$0  	-1   
	FPadd3	false	-1              nop 	$0  	$0  	$0  	-1   
	FPmult1	true 	3               fmul	$4  	$3  	$2  	4    
	FPmult2	false	-1              nop 	$0  	$0  	$0  	-1   
	FPmult3	false	-1              nop 	$0  	$0  	$0  	-1   
	FPDiv1	false	-1              nop 	$0  	$0  	$0  	-1   
	FPDiv2	false	-1              nop 	$0  	$0  	$0  	-1   
	Store1	false	-1              nop 	$0  	$0  	$0  	-1   
	Store2	false	-1              nop 	$0  	$0  	$0  	-1   
Reorder Buffer
	HEAD:	4	TAIL:	6
	ROB  BUSY  DEST  VALUE OP
	0    false X1    24    addi
	1    false X2    124   addi
	2    false F2    12    fld 
	3    false F0    10    fld 
	4    true  F0    0     fmul
	5    true  F4    0     fld 
	6    false       0     nop 
	7    false       0     nop 
	8    false       0     nop 
	9    false       0     nop 
	10   false       0     nop 
	11   false       0     nop 
	12   false       0     nop 
	13   false       0     nop 
	14   false       0     nop 
	15   false       0     nop 
Register Mapping
	X0 -> $ZERO = 0
	X1 -> $0 = 24
	X2 -> $1 = 124
	F0 -> $6 = 0
	F2 -> $2 = 12
	F4 -> $5 = 0
Clock Cycle: 9
 PC: 36 ================================================
Fetch Queue
	32: addi X1, X1, -8
Instruction (Decode) Queue
	fsd  $6, 0($1)
Reservation Station
	Type	Busy	Remaining CC	Op    	Dest	Src1	Src2	ROB Index
	Load1	false	0               fld 	$5  	$1  	$0  	5    
	Load2	false	-1              nop 	$0  	$0  	$0  	-1   
	BU1   	false	-1              nop 	$0  	$0  	$0  	-1   
	BU2   	false	-1              nop 	$0  	$0  	$0  	-1   
	INT1	false	0               addi	$1  	$ZERO	$0  	1    
	INT2	false	-1              nop 	$0  	$0  	$0  	-1   
	INT3	false	-1              nop 	$0  	$0  	$0  	-1   
	INT4	false	-1              nop 	$0  	$0  	$0  	-1   
	FPadd1	true 	-1              fadd	$6  	$4  	$5  	6    
	FPadd2	false	-1              nop 	$0  	$0  	$0  	-1   
	FPadd3	false	-1              nop 	$0  	$0  	$0  	-1   
	FPmult1	true 	2               fmul	$4  	$3  	$2  	4    
	FPmult2	false	-1              nop 	$0  	$0  	$0  	-1   
	FPmult3	false	-1              nop 	$0  	$0  	$0  	-1   
	FPDiv1	false	-1              nop 	$0  	$0  	$0  	-1   
	FPDiv2	false	-1              nop 	$0  	$0  	$0  	-1   
	Store1	false	-1              nop 	$0  	$0  	$0  	-1   
	Store2	false	-1              nop 	$0  	$0  	$0  	-1   
Reorder Buffer
	HEAD:	4	TAIL:	7
	ROB  BUSY  DEST  VALUE OP
	0    false X1    24    addi
	1    false X2    124   addi
	2    false F2    12    fld 
	3    false F0    10    fld 
	4    true  F0    0     fmul
	5    false F4    8     fld 
	6    true  F0    0     fadd
	7    false       0     nop 
	8    false       0     nop 
	9    false       0     nop 
	10   false       0     nop 
	11   false       0     nop 
	12   false       0     nop 
	13   false       0     nop 
	14   false       0     nop 
	15   false       0     nop 
Register Mapping
	X0 -> $ZERO = 0
	X1 -> $0 = 24
	X2 -> $1 = 124
	F0 -> $6 = 0
	F2 -> $2 = 12
	F4 -> $5 = 0
Clock Cycle: 10
 PC: 40 ================================================
Fetch Queue
	36: addi X2, X2, -8
Instruction (Decode) Queue
	addi $7, $0, -8
Reservation Station
	Type	Busy	Remaining CC	Op    	Dest	Src1	Src2	ROB Index
	Load1	false	0               fld 	$5  	$1  	$0  	5    
	Load2	false	-1              nop 	$0  	$0  	$0  	-1   
	BU1   	false	-1              nop 	$0  	$0  	$0  	-1   
	BU2   	false	-1              nop 	$0  	$0  	$0  	-1   
	INT1	false	0               addi	$1  	$ZERO	$0  	1    
	INT2	false	-1              nop 	$0  	$0  	$0  	-1   
	INT3	false	-1              nop 	$0  	$0  	$0  	-1   
	INT4	false	-1              nop 	$0  	$0  	$0  	-1   
	FPadd1	true 	-1              fadd	$6  	$4  	$5  	6    
	FPadd2	false	-1              nop 	$0  	$0  	$0  	-1   
	FPadd3	false	-1              nop 	$0  	$0  	$0  	-1   
	FPmult1	true 	1               fmul	$4  	$3  	$2  	4    
	FPmult2	false	-1              nop 	$0  	$0  	$0  	-1   
	FPmult3	false	-1              nop 	$0  	$0  	$0  	-1   
	FPDiv1	false	-1              nop 	$0  	$0  	$0  	-1   
	FPDiv2	false	-1              nop 	$0  	$0  	$0  	-1   
	Store1	true 	-1              fsd 	$0  	$1  	$6  	7    
	Store2	false	-1              nop 	$0  	$0  	$0  	-1   
Reorder Buffer
	HEAD:	4	TAIL:	8
	ROB  BUSY  DEST  VALUE OP
	0    false X1    24    addi
	1    false X2    124   addi
	2    false F2    12    fld 
	3    false F0    10    fld 
	4    true  F0    0     fmul
	5    false F4    8     fld 
	6    true  F0    0     fadd
	7    true        0     fsd 
	8    false       0     nop 
	9    false       0     nop 
	10   false       0     nop 
	11   false       0     nop 
	12   false       0     nop 
	13   false       0     nop 
	14   false       0     nop 
	15   false       0     nop 
Register Mapping
	X0 -> $ZERO = 0
	X1 -> $7 = 0
	X2 -> $1 = 124
	F0 -> $6 = 0
	F2 -> $2 = 12
	F4 -> $5 = 0
Clock Cycle: 11
 PC: -1 ================================================
Fetch Queue
	40: bne X1, X0, 12
Instruction (Decode) Queue
	addi $8, $1, -8
Reservation Station
	Type	Busy	Remaining CC	Op    	Dest	Src1	Src2	ROB Index
	Load1	false	0               fld 	$5  	$1  	$0  	5    
	Load2	false	-1              nop 	$0  	$0  	$0  	-1   
	BU1   	false	-1              nop 	$0  	$0  	$0  	-1   
	BU2   	false	-1              nop 	$0  	$0  	$0  	-1   
	INT1	true 	1               addi	$7  	$0  	$0  	8    
	INT2	false	-1              nop 	$0  	$0  	$0  	-1   
	INT3	false	-1              nop 	$0  	$0  	$0  	-1   
	INT4	false	-1              nop 	$0  	$0  	$0  	-1   
	FPadd1	true 	3               fadd	$6  	$4  	$5  	6    
	FPadd2	false	-1              nop 	$0  	$0  	$0  	-1   
	FPadd3	false	-1              nop 	$0  	$0  	$0  	-1   
	FPmult1	false	0               fmul	$4  	$3  	$2  	4    
	FPmult2	false	-1              nop 	$0  	$0  	$0  	-1   
	FPmult3	false	-1              nop 	$0  	$0  	$0  	-1   
	FPDiv1	false	-1              nop 	$0  	$0  	$0  	-1   
	FPDiv2	false	-1              nop 	$0  	$0  	$0  	-1   
	Store1	true 	-1              fsd 	$0  	$1  	$6  	7    
	Store2	false	-1              nop 	$0  	$0  	$0  	-1   
Reorder Buffer
	HEAD:	6	TAIL:	9
	ROB  BUSY  DEST  VALUE OP
	0    false X1    24    addi
	1    false X2    124   addi
	2    false F2    12    fld 
	3    false F0    10    fld 
	4    false F0    120   fmul
	5    false F4    8     fld 
	6    true  F0    0     fadd
	7    true        0     fsd 
	8    true  X1    0     addi
	9    false       0     nop 
	10   false       0     nop 
	11   false       0     nop 
	12   false       0     nop 
	13   false       0     nop 
	14   false       0     nop 
	15   false       0     nop 
Register Mapping
	X0 -> $ZERO = 0
	X1 -> $7 = 0
	X2 -> $8 = 0
	F0 -> $6 = 0
	F2 -> $2 = 12
	F4 -> $5 = 8
Clock Cycle: 12
 PC: -1 ================================================
Fetch Queue
Instruction (Decode) Queue
	bne  $7, $ZERO, 12
Reservation Station
	Type	Busy	Remaining CC	Op    	Dest	Src1	Src2	ROB Index
	Load1	false	0               fld 	$5  	$1  	$0  	5    
	Load2	false	-1              nop 	$0  	$0  	$0  	-1   
	BU1   	false	-1              nop 	$0  	$0  	$0  	-1   
	BU2   	false	-1              nop 	$0  	$0  	$0  	-1   
	INT1	true 	1               addi	$8  	$1  	$0  	9    
	INT2	false	-1              nop 	$0  	$0  	$0  	-1   
	INT3	false	-1              nop 	$0  	$0  	$0  	-1   
	INT4	false	-1              nop 	$0  	$0  	$0  	-1   
	FPadd1	true 	2               fadd	$6  	$4  	$5  	6    
	FPadd2	false	-1              nop 	$0  	$0  	$0  	-1   
	FPadd3	false	-1              nop 	$0  	$0  	$0  	-1   
	FPmult1	false	0               fmul	$4  	$3  	$2  	4    
	FPmult2	false	-1              nop 	$0  	$0  	$0  	-1   
	FPmult3	false	-1              nop 	$0  	$0  	$0  	-1   
	FPDiv1	false	-1              nop 	$0  	$0  	$0  	-1   
	FPDiv2	false	-1              nop 	$0  	$0  	$0  	-1   
	Store1	true 	-1              fsd 	$0  	$1  	$6  	7    
	Store2	false	-1              nop 	$0  	$0  	$0  	-1   
Reorder Buffer
	HEAD:	6	TAIL:	10
	ROB  BUSY  DEST  VALUE OP
	0    false X1    24    addi
	1    false X2    124   addi
	2    false F2    12    fld 
	3    false F0    10    fld 
	4    false F0    120   fmul
	5    false F4    8     fld 
	6    true  F0    0     fadd
	7    true        0     fsd 
	8    false X1    16    addi
	9    true  X2    0     addi
	10   false       0     nop 
	11   false       0     nop 
	12   false       0     nop 
	13   false       0     nop 
	14   false       0     nop 
	15   false       0     nop 
Register Mapping
	X0 -> $ZERO = 0
	X1 -> $7 = 0
	X2 -> $8 = 0
	F0 -> $6 = 0
	F2 -> $2 = 12
	F4 -> $5 = 8
Clock Cycle: 13
 PC: -1 ================================================
Fetch Queue
Instruction (Decode) Queue
Reservation Station
	Type	Busy	Remaining CC	Op    	Dest	Src1	Src2	ROB Index
	Load1	false	0               fld 	$5  	$1  	$0  	5    
	Load2	false	-1              nop 	$0  	$0  	$0  	-1   
	BU1   	true 	-1              bne 	$0  	$7  	$ZERO	10   
	BU2   	false	-1              nop 	$0  	$0  	$0  	-1   
	INT1	false	0               addi	$8  	$1  	$0  	9    
	INT2	false	-1              nop 	$0  	$0  	$0  	-1   
	INT3	false	-1              nop 	$0  	$0  	$0  	-1   
	INT4	false	-1              nop 	$0  	$0  	$0  	-1   
	FPadd1	true 	1               fadd	$6  	$4  	$5  	6    
	FPadd2	false	-1              nop 	$0  	$0  	$0  	-1   
	FPadd3	false	-1              nop 	$0  	$0  	$0  	-1   
	FPmult1	false	0               fmul	$4  	$3  	$2  	4    
	FPmult2	false	-1              nop 	$0  	$0  	$0  	-1   
	FPmult3	false	-1              nop 	$0  	$0  	$0  	-1   
	FPDiv1	false	-1              nop 	$0  	$0  	$0  	-1   
	FPDiv2	false	-1              nop 	$0  	$0  	$0  	-1   
	Store1	true 	-1              fsd 	$0  	$1  	$6  	7    
	Store2	false	-1              nop 	$0  	$0  	$0  	-1   
Reorder Buffer
	HEAD:	6	TAIL:	11
	ROB  BUSY  DEST  VALUE OP
	0    false X1    24    addi
	1    false X2    124   addi
	2    false F2    12    fld 
	3    false F0    10    fld 
	4    false F0    120   fmul
	5    false F4    8     fld 
	6    true  F0    0     fadd
	7    true        0     fsd 
	8    false X1    16    addi
	9    false X2    116   addi
	10   true        0     bne 
	11   false       0     nop 
	12   false       0     nop 
	13   false       0     nop 
	14   false       0     nop 
	15   false       0     nop 
Register Mapping
	X0 -> $ZERO = 0
	X1 -> $7 = 0
	X2 -> $8 = 0
	F0 -> $6 = 0
	F2 -> $2 = 12
	F4 -> $5 = 8
Clock Cycle: 14
 PC: -1 ================================================
Fetch Queue
Instruction (Decode) Queue
Reservation Station
	Type	Busy	Remaining CC	Op    	Dest	Src1	Src2	ROB Index
	Load1	false	0               fld 	$5  	$1  	$0  	5    
	Load2	false	-1              nop 	$0  	$0  	$0  	-1   
	BU1   	true 	1               bne 	$0  	$7  	$ZERO	10   
	BU2   	false	-1              nop 	$0  	$0  	$0  	-1   
	INT1	false	0               addi	$8  	$1  	$0  	9    
	INT2	false	-1              nop 	$0  	$0  	$0  	-1   
	INT3	false	-1              nop 	$0  	$0  	$0  	-1   
	INT4	false	-1              nop 	$0  	$0  	$0  	-1   
	FPadd1	false	0               fadd	$6  	$4  	$5  	6    
	FPadd2	false	-1              nop 	$0  	$0  	$0  	-1   
	FPadd3	false	-1              nop 	$0  	$0  	$0  	-1   
	FPmult1	false	0               fmul	$4  	$3  	$2  	4    
	FPmult2	false	-1              nop 	$0  	$0  	$0  	-1   
	FPmult3	false	-1              nop 	$0  	$0  	$0  	-1   
	FPDiv1	false	-1              nop 	$0  	$0  	$0  	-1   
	FPDiv2	false	-1              nop 	$0  	$0  	$0  	-1   
	Store1	true 	1               fsd 	$0  	$1  	$6  	7    
	Store2	false	-1              nop 	$0  	$0  	$0  	-1   
Reorder Buffer
	HEAD:	7	TAIL:	11
	ROB  BUSY  DEST  VALUE OP
	0    false X1    24    addi
	1    false X2    124   addi
	2    false F2    12    fld 
	3    false F0    10    fld 
	4    false F0    120   fmul
	5    false F4    8     fld 
	6    false F0    128   fadd
	7    true        0     fsd 
	8    false X1    16    addi
	9    false X2    116   addi
	10   true        0     bne 
	11   false       0     nop 
	12   false       0     nop 
	13   false       0     nop 
	14   false       0     nop 
	15   false       0     nop 
Register Mapping
	X0 -> $ZERO = 0
	X1 -> $7 = 0
	X2 -> $8 = 0
	F0 -> $6 = 128
	F2 -> $2 = 12
	F4 -> $5 = 8
Clock Cycle: 15
 PC: 16 ================================================
Fetch Queue
	12: fld F0, 0(X1)
Instruction (Decode) Queue
Reservation Station
	Type	Busy	Remaining CC	Op    	Dest	Src1	Src2	ROB Index
	Load1	false	0               fld 	$5  	$1  	$0  	5    
	Load2	false	-1              nop 	$0  	$0  	$0  	-1   
	BU1   	false	0               bne 	$0  	$7  	$ZERO	10   
	BU2   	false	-1              nop 	$0  	$0  	$0  	-1   
	INT1	false	0               addi	$8  	$1  	$0  	9    
	INT2	false	-1              nop 	$0  	$0  	$0  	-1   
	INT3	false	-1              nop 	$0  	$0  	$0  	-1   
	INT4	false	-1              nop 	$0  	$0  	$0  	-1   
	FPadd1	false	0               fadd	$6  	$4  	$5  	6    
	FPadd2	false	-1              nop 	$0  	$0  	$0  	-1   
	FPadd3	false	-1              nop 	$0  	$0  	$0  	-1   
	FPmult1	false	0               fmul	$4  	$3  	$2  	4    
	FPmult2	false	-1              nop 	$0  	$0  	$0  	-1   
	FPmult3	false	-1              nop 	$0  	$0  	$0  	-1   
	FPDiv1	false	-1              nop 	$0  	$0  	$0  	-1   
	FPDiv2	false	-1              nop 	$0  	$0  	$0  	-1   
	Store1	false	0               fsd 	$0  	$1  	$6  	7    
	Store2	false	-1              nop 	$0  	$0  	$0  	-1   
Reorder Buffer
	HEAD:	11	TAIL:	11
	ROB  BUSY  DEST  VALUE OP
	0    false X1    24    addi
	1    false X2    124   addi
	2    false F2    12    fld 
	3    false F0    10    fld 
	4    false F0    120   fmul
	5    false F4    8     fld 
	6    false F0    128   fadd
	7    false       0     fsd 
	8    false X1    16    addi
	9    false X2    116   addi
	10   false       12    bne 
	11   false       0     nop 
	12   false       0     nop 
	13   false       0     nop 
	14   false       0     nop 
	15   false       0     nop 
Register Mapping
	X0 -> $ZERO = 0
	X1 -> $7 = 16
	X2 -> $8 = 116
	F0 -> $6 = 128
	F2 -> $2 = 12
	F4 -> $5 = 8
Clock Cycle: 16
 PC: 20 ================================================
Fetch Queue
	16: fmul F0, F0, F2
Instruction (Decode) Queue
	fld  $9, 0($7)
Reservation Station
	Type	Busy	Remaining CC	Op    	Dest	Src1	Src2	ROB Index
	Load1	false	0               fld 	$5  	$1  	$0  	5    
	Load2	false	-1              nop 	$0  	$0  	$0  	-1   
	BU1   	false	0               bne 	$0  	$7  	$ZERO	10   
	BU2   	false	-1              nop 	$0  	$0  	$0  	-1   
	INT1	false	0               addi	$8  	$1  	$0  	9    
	INT2	false	-1              nop 	$0  	$0  	$0  	-1   
	INT3	false	-1              nop 	$0  	$0  	$0  	-1   
	INT4	false	-1              nop 	$0  	$0  	$0  	-1   
	FPadd1	false	0               fadd	$6  	$4  	$5  	6    
	FPadd2	false	-1              nop 	$0  	$0  	$0  	-1   
	FPadd3	false	-1              nop 	$0  	$0  	$0  	-1   
	FPmult1	false	0               fmul	$4  	$3  	$2  	4    
	FPmult2	false	-1              nop 	$0  	$0  	$0  	-1   
	FPmult3	false	-1              nop 	$0  	$0  	$0  	-1   
	FPDiv1	false	-1              nop 	$0  	$0  	$0  	-1   
	FPDiv2	false	-1              nop 	$0  	$0  	$0  	-1   
	Store1	false	0               fsd 	$0  	$1  	$6  	7    
	Store2	false	-1              nop 	$0  	$0  	$0  	-1   
Reorder Buffer
	HEAD:	11	TAIL:	11
	ROB  BUSY  DEST  VALUE OP
	0    false X1    24    addi
	1    false X2    124   addi
	2    false F2    12    fld 
	3    false F0    10    fld 
	4    false F0    120   fmul
	5    false F4    8     fld 
	6    false F0    128   fadd
	7    false       0     fsd 
	8    false X1    16    addi
	9    false X2    116   addi
	10   false       12    bne 
	11   false       0     nop 
	12   false       0     nop 
	13   false       0     nop 
	14   false       0     nop 
	15   false       0     nop 
Register Mapping
	X0 -> $ZERO = 0
	X1 -> $7 = 16
	X2 -> $8 = 116
	F0 -> $9 = 0
	F2 -> $2 = 12
	F4 -> $5 = 8
Clock Cycle: 17
 PC: 24 ================================================
Fetch Queue
	20: fld F4, 0(X2)
Instruction (Decode) Queue
	fmul $10, $9, $2
Reservation Station
	Type	Busy	Remaining CC	Op    	Dest	Src1	Src2	ROB Index
	Load1	true 	1               fld 	$9  	$7  	$0  	11   
	Load2	false	-1              nop 	$0  	$0  	$0  	-1   
	BU1   	false	0               bne 	$0  	$7  	$ZERO	10   
	BU2   	false	-1              nop 	$0  	$0  	$0  	-1   
	INT1	false	0               addi	$8  	$1  	$0  	9    
	INT2	false	-1              nop 	$0  	$0  	$0  	-1   
	INT3	false	-1              nop 	$0  	$0  	$0  	-1   
	INT4	false	-1              nop 	$0  	$0  	$0  	-1   
	FPadd1	false	0               fadd	$6  	$4  	$5  	6    
	FPadd2	false	-1              nop 	$0  	$0  	$0  	-1   
	FPadd3	false	-1              nop 	$0  	$0  	$0  	-1   
	FPmult1	false	0               fmul	$4  	$3  	$2  	4    
	FPmult2	false	-1              nop 	$0  	$0  	$0  	-1   
	FPmult3	false	-1              nop 	$0  	$0  	$0  	-1   
	FPDiv1	false	-1              nop 	$0  	$0  	$0  	-1   
	FPDiv2	false	-1              nop 	$0  	$0  	$0  	-1   
	Store1	false	0               fsd 	$0  	$1  	$6  	7    
	Store2	false	-1              nop 	$0  	$0  	$0  	-1   
Reorder Buffer
	HEAD:	11	TAIL:	12
	ROB  BUSY  DEST  VALUE OP
	0    false X1    24    addi
	1    false X2    124   addi
	2    false F2    12    fld 
	3    false F0    10    fld 
	4    false F0    120   fmul
	5    false F4    8     fld 
	6    false F0    128   fadd
	7    false       0     fsd 
	8    false X1    16    addi
	9    false X2    116   addi
	10   false       12    bne 
	11   true  F0    0     fld 
	12   false       0     nop 
	13   false       0     nop 
	14   false       0     nop 
	15   false       0     nop 
Register Mapping
	X0 -> $ZERO = 0
	X1 -> $7 = 16
	X2 -> $8 = 116
	F0 -> $10 = 0
	F2 -> $2 = 12
	F4 -> $5 = 8
Clock Cycle: 18
 PC: 28 ================================================
Fetch Queue
	24: fadd F0, F0, F4
Instruction (Decode) Queue
	fld  $11, 0($8)
Reservation Station
	Type	Busy	Remaining CC	Op    	Dest	Src1	Src2	ROB Index
	Load1	false	0               fld 	$9  	$7  	$0  	11   
	Load2	false	-1              nop 	$0  	$0  	$0  	-1   
	BU1   	false	0               bne 	$0  	$7  	$ZERO	10   
	BU2   	false	-1              nop 	$0  	$0  	$0  	-1   
	INT1	false	0               addi	$8  	$1  	$0  	9    
	INT2	false	-1              nop 	$0  	$0  	$0  	-1   
	INT3	false	-1              nop 	$0  	$0  	$0  	-1   
	INT4	false	-1              nop 	$0  	$0  	$0  	-1   
	FPadd1	false	0               fadd	$6  	$4  	$5  	6    
	FPadd2	false	-1              nop 	$0  	$0  	$0  	-1   
	FPadd3	false	-1              nop 	$0  	$0  	$0  	-1   
	FPmult1	true 	4               fmul	$10 	$9  	$2  	12   
	FPmult2	false	-1              nop 	$0  	$0  	$0  	-1   
	FPmult3	false	-1              nop 	$0  	$0  	$0  	-1   
	FPDiv1	false	-1              nop 	$0  	$0  	$0  	-1   
	FPDiv2	false	-1              nop 	$0  	$0  	$0  	-1   
	Store1	false	0               fsd 	$0  	$1  	$6  	7    
	Store2	false	-1              nop 	$0  	$0  	$0  	-1   
Reorder Buffer
	HEAD:	12	TAIL:	13
	ROB  BUSY  DEST  VALUE OP
	0    false X1    24    addi
	1    false X2    124   addi
	2    false F2    12    fld 
	3    false F0    10    fld 
	4    false F0    120   fmul
	5    false F4    8     fld 
	6    false F0    128   fadd
	7    false       0     fsd 
	8    false X1    16    addi
	9    false X2    116   addi
	10   false       12    bne 
	11   false F0    5     fld 
	12   true  F0    0     fmul
	13   false       0     nop 
	14   false       0     nop 
	15   false       0     nop 
Register Mapping
	X0 -> $ZERO = 0
	X1 -> $7 = 16
	X2 -> $8 = 116
	F0 -> $10 = 0
	F2 -> $2 = 12
	F4 -> $11 = 0
Clock Cycle: 19
 PC: 32 ================================================
Fetch Queue
	28: fsd F0, 0(X2)
Instruction (Decode) Queue
	fadd $12, $10, $11
Reservation Station
	Type	Busy	Remaining CC	Op    	Dest	Src1	Src2	ROB Index
	Load1	true 	1               fld 	$11 	$8  	$0  	13   
	Load2	false	-1              nop 	$0  	$0  	$0  	-1   
	BU1   	false	0               bne 	$0  	$7  	$ZERO	10   
	BU2   	false	-1              nop 	$0  	$0  	$0  	-1   
	INT1	false	0               addi	$8  	$1  	$0  	9    
	INT2	false	-1              nop 	$0  	$0  	$0  	-1   
	INT3	false	-1              nop 	$0  	$0  	$0  	-1   
	INT4	false	-1              nop 	$0  	$0  	$0  	-1   
	FPadd1	false	0               fadd	$6  	$4  	$5  	6    
	FPadd2	false	-1              nop 	$0  	$0  	$0  	-1   
	FPadd3	false	-1              nop 	$0  	$0  	$0  	-1   
	FPmult1	true 	3               fmul	$10 	$9  	$2  	12   
	FPmult2	false	-1              nop 	$0  	$0  	$0  	-1   
	FPmult3	false	-1              nop 	$0  	$0  	$0  	-1   
	FPDiv1	false	-1              nop 	$0  	$0  	$0  	-1   
	FPDiv2	false	-1              nop 	$0  	$0  	$0  	-1   
	Store1	false	0               fsd 	$0  	$1  	$6  	7    
	Store2	false	-1              nop 	$0  	$0  	$0  	-1   
Reorder Buffer
	HEAD:	12	TAIL:	14
	ROB  BUSY  DEST  VALUE OP
	0    false X1    24    addi
	1    false X2    124   addi
	2    false F2    12    fld 
	3    false F0    10    fld 
	4    false F0    120   fmul
	5    false F4    8     fld 
	6    false F0    128   fadd
	7    false       0     fsd 
	8    false X1    16    addi
	9    false X2    116   addi
	10   false       12    bne 
	11   false F0    5     fld 
	12   true  F0    0     fmul
	13   true  F4    0     fld 
	14   false       0     nop 
	15   false       0     nop 
Register Mapping
	X0 -> $ZERO = 0
	X1 -> $7 = 16
	X2 -> $8 = 116
	F0 -> $12 = 0
	F2 -> $2 = 12
	F4 -> $11 = 0
Clock Cycle: 20
 PC: 36 ================================================
Fetch Queue
	32: addi X1, X1, -8
Instruction (Decode) Queue
	fsd  $12, 0($8)
Reservation Station
	Type	Busy	Remaining CC	Op    	Dest	Src1	Src2	ROB Index
	Load1	false	0               fld 	$11 	$8  	$0  	13   
	Load2	false	-1              nop 	$0  	$0  	$0  	-1   
	BU1   	false	0               bne 	$0  	$7  	$ZERO	10   
	BU2   	false	-1              nop 	$0  	$0  	$0  	-1   
	INT1	false	0               addi	$8  	$1  	$0  	9    
	INT2	false	-1              nop 	$0  	$0  	$0  	-1   
	INT3	false	-1              nop 	$0  	$0  	$0  	-1   
	INT4	false	-1              nop 	$0  	$0  	$0  	-1   
	FPadd1	true 	-1              fadd	$12 	$10 	$11 	14   
	FPadd2	false	-1              nop 	$0  	$0  	$0  	-1   
	FPadd3	false	-1              nop 	$0  	$0  	$0  	-1   
	FPmult1	true 	2               fmul	$10 	$9  	$2  	12   
	FPmult2	false	-1              nop 	$0  	$0  	$0  	-1   
	FPmult3	false	-1              nop 	$0  	$0  	$0  	-1   
	FPDiv1	false	-1              nop 	$0  	$0  	$0  	-1   
	FPDiv2	false	-1              nop 	$0  	$0  	$0  	-1   
	Store1	false	0               fsd 	$0  	$1  	$6  	7    
	Store2	false	-1              nop 	$0  	$0  	$0  	-1   
Reorder Buffer
	HEAD:	12	TAIL:	15
	ROB  BUSY  DEST  VALUE OP
	0    false X1    24    addi
	1    false X2    124   addi
	2    false F2    12    fld 
	3    false F0    10    fld 
	4    false F0    120   fmul
	5    false F4    8     fld 
	6    false F0    128   fadd
	7    false       0     fsd 
	8    false X1    16    addi
	9    false X2    116   addi
	10   false       12    bne 
	11   false F0    5     fld 
	12   true  F0    0     fmul
	13   false F4    3     fld 
	14   true  F0    0     fadd
	15   false       0     nop 
Register Mapping
	X0 -> $ZERO = 0
	X1 -> $7 = 16
	X2 -> $8 = 116
	F0 -> $12 = 0
	F2 -> $2 = 12
	F4 -> $11 = 0
Clock Cycle: 21
 PC: 40 ================================================
Fetch Queue
	36: addi X2, X2, -8
Instruction (Decode) Queue
	addi $13, $7, -8
Reservation Station
	Type	Busy	Remaining CC	Op    	Dest	Src1	Src2	ROB Index
	Load1	false	0               fld 	$11 	$8  	$0  	13   
	Load2	false	-1              nop 	$0  	$0  	$0  	-1   
	BU1   	false	0               bne 	$0  	$7  	$ZERO	10   
	BU2   	false	-1              nop 	$0  	$0  	$0  	-1   
	INT1	false	0               addi	$8  	$1  	$0  	9    
	INT2	false	-1              nop 	$0  	$0  	$0  	-1   
	INT3	false	-1              nop 	$0  	$0  	$0  	-1   
	INT4	false	-1              nop 	$0  	$0  	$0  	-1   
	FPadd1	true 	-1              fadd	$12 	$10 	$11 	14   
	FPadd2	false	-1              nop 	$0  	$0  	$0  	-1   
	FPadd3	false	-1              nop 	$0  	$0  	$0  	-1   
	FPmult1	true 	1               fmul	$10 	$9  	$2  	12   
	FPmult2	false	-1              nop 	$0  	$0  	$0  	-1   
	FPmult3	false	-1              nop 	$0  	$0  	$0  	-1   
	FPDiv1	false	-1              nop 	$0  	$0  	$0  	-1   
	FPDiv2	false	-1              nop 	$0  	$0  	$0  	-1   
	Store1	true 	-1              fsd 	$0  	$8  	$12 	15   
	Store2	false	-1              nop 	$0  	$0  	$0  	-1   
Reorder Buffer
	HEAD:	12	TAIL:	0
	ROB  BUSY  DEST  VALUE OP
	0    false X1    24    addi
	1    false X2    124   addi
	2    false F2    12    fld 
	3    false F0    10    fld 
	4    false F0    120   fmul
	5    false F4    8     fld 
	6    false F0    128   fadd
	7    false       0     fsd 
	8    false X1    16    addi
	9    false X2    116   addi
	10   false       12    bne 
	11   false F0    5     fld 
	12   true  F0    0     fmul
	13   false F4    3     fld 
	14   true  F0    0     fadd
	15   true        0     fsd 
Register Mapping
	X0 -> $ZERO = 0
	X1 -> $13 = 0
	X2 -> $8 = 116
	F0 -> $12 = 0
	F2 -> $2 = 12
	F4 -> $11 = 0
Clock Cycle: 22
 PC: 12 ================================================
Fetch Queue
Instruction (Decode) Queue
	addi $14, $8, -8
Reservation Station
	Type	Busy	Remaining CC	Op    	Dest	Src1	Src2	ROB Index
	Load1	false	0               fld 	$11 	$8  	$0  	13   
	Load2	false	-1              nop 	$0  	$0  	$0  	-1   
	BU1   	false	0               bne 	$0  	$7  	$ZERO	10   
	BU2   	false	-1              nop 	$0  	$0  	$0  	-1   
	INT1	true 	1               addi	$13 	$7  	$0  	0    
	INT2	false	-1              nop 	$0  	$0  	$0  	-1   
	INT3	false	-1              nop 	$0  	$0  	$0  	-1   
	INT4	false	-1              nop 	$0  	$0  	$0  	-1   
	FPadd1	true 	3               fadd	$12 	$10 	$11 	14   
	FPadd2	false	-1              nop 	$0  	$0  	$0  	-1   
	FPadd3	false	-1              nop 	$0  	$0  	$0  	-1   
	FPmult1	false	0               fmul	$10 	$9  	$2  	12   
	FPmult2	false	-1              nop 	$0  	$0  	$0  	-1   
	FPmult3	false	-1              nop 	$0  	$0  	$0  	-1   
	FPDiv1	false	-1              nop 	$0  	$0  	$0  	-1   
	FPDiv2	false	-1              nop 	$0  	$0  	$0  	-1   
	Store1	true 	-1              fsd 	$0  	$8  	$12 	15   
	Store2	false	-1              nop 	$0  	$0  	$0  	-1   
Reorder Buffer
	HEAD:	14	TAIL:	1
	ROB  BUSY  DEST  VALUE OP
	0    true  X1    0     addi
	1    false X2    124   addi
	2    false F2    12    fld 
	3    false F0    10    fld 
	4    false F0    120   fmul
	5    false F4    8     fld 
	6    false F0    128   fadd
	7    false       0     fsd 
	8    false X1    16    addi
	9    false X2    116   addi
	10   false       12    bne 
	11   false F0    5     fld 
	12   false F0    60    fmul
	13   false F4    3     fld 
	14   true  F0    0     fadd
	15   true        0     fsd 
Register Mapping
	X0 -> $ZERO = 0
	X1 -> $13 = 0
	X2 -> $14 = 0
	F0 -> $12 = 0
	F2 -> $2 = 12
	F4 -> $11 = 3
Clock Cycle: 23
 PC: 16 ================================================
Fetch Queue
	12: fld F0, 0(X1)
Instruction (Decode) Queue
Reservation Station
	Type	Busy	Remaining CC	Op    	Dest	Src1	Src2	ROB Index
	Load1	false	0               fld 	$11 	$8  	$0  	13   
	Load2	false	-1              nop 	$0  	$0  	$0  	-1   
	BU1   	false	0               bne 	$0  	$7  	$ZERO	10   
	BU2   	false	-1              nop 	$0  	$0  	$0  	-1   
	INT1	true 	1               addi	$14 	$8  	$0  	1    
	INT2	false	-1              nop 	$0  	$0  	$0  	-1   
	INT3	false	-1              nop 	$0  	$0  	$0  	-1   
	INT4	false	-1              nop 	$0  	$0  	$0  	-1   
	FPadd1	true 	2               fadd	$12 	$10 	$11 	14   
	FPadd2	false	-1              nop 	$0  	$0  	$0  	-1   
	FPadd3	false	-1              nop 	$0  	$0  	$0  	-1   
	FPmult1	false	0               fmul	$10 	$9  	$2  	12   
	FPmult2	false	-1              nop 	$0  	$0  	$0  	-1   
	FPmult3	false	-1              nop 	$0  	$0  	$0  	-1   
	FPDiv1	false	-1              nop 	$0  	$0  	$0  	-1   
	FPDiv2	false	-1              nop 	$0  	$0  	$0  	-1   
	Store1	true 	-1              fsd 	$0  	$8  	$12 	15   
	Store2	false	-1              nop 	$0  	$0  	$0  	-1   
Reorder Buffer
	HEAD:	14	TAIL:	2
	ROB  BUSY  DEST  VALUE OP
	0    false X1    8     addi
	1    true  X2    0     addi
	2    false F2    12    fld 
	3    false F0    10    fld 
	4    false F0    120   fmul
	5    false F4    8     fld 
	6    false F0    128   fadd
	7    false       0     fsd 
	8    false X1    16    addi
	9    false X2    116   addi
	10   false       12    bne 
	11   false F0    5     fld 
	12   false F0    60    fmul
	13   false F4    3     fld 
	14   true  F0    0     fadd
	15   true        0     fsd 
Register Mapping
	X0 -> $ZERO = 0
	X1 -> $13 = 0
	X2 -> $14 = 0
	F0 -> $12 = 0
	F2 -> $2 = 12
	F4 -> $11 = 3
Clock Cycle: 24
 PC: 20 ================================================
Fetch Queue
	16: fmul F0, F0, F2
Instruction (Decode) Queue
	fld  $15, 0($13)
Reservation Station
	Type	Busy	Remaining CC	Op    	Dest	Src1	Src2	ROB Index
	Load1	false	0               fld 	$11 	$8  	$0  	13   
	Load2	false	-1              nop 	$0  	$0  	$0  	-1   
	BU1   	false	0               bne 	$0  	$7  	$ZERO	10   
	BU2   	false	-1              nop 	$0  	$0  	$0  	-1   
	INT1	false	0               addi	$14 	$8  	$0  	1    
	INT2	false	-1              nop 	$0  	$0  	$0  	-1   
	INT3	false	-1              nop 	$0  	$0  	$0  	-1   
	INT4	false	-1              nop 	$0  	$0  	$0  	-1   
	FPadd1	true 	1               fadd	$12 	$10 	$11 	14   
	FPadd2	false	-1              nop 	$0  	$0  	$0  	-1   
	FPadd3	false	-1              nop 	$0  	$0  	$0  	-1   
	FPmult1	false	0               fmul	$10 	$9  	$2  	12   
	FPmult2	false	-1              nop 	$0  	$0  	$0  	-1   
	FPmult3	false	-1              nop 	$0  	$0  	$0  	-1   
	FPDiv1	false	-1              nop 	$0  	$0  	$0  	-1   
	FPDiv2	false	-1              nop 	$0  	$0  	$0  	-1   
	Store1	true 	-1              fsd 	$0  	$8  	$12 	15   
	Store2	false	-1              nop 	$0  	$0  	$0  	-1   
Reorder Buffer
	HEAD:	14	TAIL:	2
	ROB  BUSY  DEST  VALUE OP
	0    false X1    8     addi
	1    false X2    108   addi
	2    false F2    12    fld 
	3    false F0    10    fld 
	4    false F0    120   fmul
	5    false F4    8     fld 
	6    false F0    128   fadd
	7    false       0     fsd 
	8    false X1    16    addi
	9    false X2    116   addi
	10   false       12    bne 
	11   false F0    5     fld 
	12   false F0    60    fmul
	13   false F4    3     fld 
	14   true  F0    0     fadd
	15   true        0     fsd 
Register Mapping
	X0 -> $ZERO = 0
	X1 -> $13 = 0
	X2 -> $14 = 0
	F0 -> $15 = 0
	F2 -> $2 = 12
	F4 -> $11 = 3
Clock Cycle: 25
 PC: 24 ================================================
Fetch Queue
	20: fld F4, 0(X2)
Instruction (Decode) Queue
	fmul $16, $15, $2
Reservation Station
	Type	Busy	Remaining CC	Op    	Dest	Src1	Src2	ROB Index
	Load1	true 	-1              fld 	$15 	$13 	$0  	2    
	Load2	false	-1              nop 	$0  	$0  	$0  	-1   
	BU1   	false	0               bne 	$0  	$7  	$ZERO	10   
	BU2   	false	-1              nop 	$0  	$0  	$0  	-1   
	INT1	false	0               addi	$14 	$8  	$0  	1    
	INT2	false	-1              nop 	$0  	$0  	$0  	-1   
	INT3	false	-1              nop 	$0  	$0  	$0  	-1   
	INT4	false	-1              nop 	$0  	$0  	$0  	-1   
	FPadd1	false	0               fadd	$12 	$10 	$11 	14   
	FPadd2	false	-1              nop 	$0  	$0  	$0  	-1   
	FPadd3	false	-1              nop 	$0  	$0  	$0  	-1   
	FPmult1	false	0               fmul	$10 	$9  	$2  	12   
	FPmult2	false	-1              nop 	$0  	$0  	$0  	-1   
	FPmult3	false	-1              nop 	$0  	$0  	$0  	-1   
	FPDiv1	false	-1              nop 	$0  	$0  	$0  	-1   
	FPDiv2	false	-1              nop 	$0  	$0  	$0  	-1   
	Store1	true 	1               fsd 	$0  	$8  	$12 	15   
	Store2	false	-1              nop 	$0  	$0  	$0  	-1   
Reorder Buffer
	HEAD:	15	TAIL:	3
	ROB  BUSY  DEST  VALUE OP
	0    false X1    8     addi
	1    false X2    108   addi
	2    true  F0    0     fld 
	3    false F0    10    fld 
	4    false F0    120   fmul
	5    false F4    8     fld 
	6    false F0    128   fadd
	7    false       0     fsd 
	8    false X1    16    addi
	9    false X2    116   addi
	10   false       12    bne 
	11   false F0    5     fld 
	12   false F0    60    fmul
	13   false F4    3     fld 
	14   false F0    63    fadd
	15   true        0     fsd 
Register Mapping
	X0 -> $ZERO = 0
	X1 -> $13 = 0
	X2 -> $14 = 0
	F0 -> $16 = 0
	F2 -> $2 = 12
	F4 -> $11 = 3
Clock Cycle: 26
 PC: 28 ================================================
Fetch Queue
	24: fadd F0, F0, F4
Instruction (Decode) Queue
	fld  $17, 0($14)
Reservation Station
	Type	Busy	Remaining CC	Op    	Dest	Src1	Src2	ROB Index
	Load1	true 	1               fld 	$15 	$13 	$0  	2    
	Load2	false	-1              nop 	$0  	$0  	$0  	-1   
	BU1   	false	0               bne 	$0  	$7  	$ZERO	10   
	BU2   	false	-1              nop 	$0  	$0  	$0  	-1   
	INT1	false	0               addi	$14 	$8  	$0  	1    
	INT2	false	-1              nop 	$0  	$0  	$0  	-1   
	INT3	false	-1              nop 	$0  	$0  	$0  	-1   
	INT4	false	-1              nop 	$0  	$0  	$0  	-1   
	FPadd1	false	0               fadd	$12 	$10 	$11 	14   
	FPadd2	false	-1              nop 	$0  	$0  	$0  	-1   
	FPadd3	false	-1              nop 	$0  	$0  	$0  	-1   
	FPmult1	true 	-1              fmul	$16 	$15 	$2  	3    
	FPmult2	false	-1              nop 	$0  	$0  	$0  	-1   
	FPmult3	false	-1              nop 	$0  	$0  	$0  	-1   
	FPDiv1	false	-1              nop 	$0  	$0  	$0  	-1   
	FPDiv2	false	-1              nop 	$0  	$0  	$0  	-1   
	Store1	false	0               fsd 	$0  	$8  	$12 	15   
	Store2	false	-1              nop 	$0  	$0  	$0  	-1   
Reorder Buffer
	HEAD:	2	TAIL:	4
	ROB  BUSY  DEST  VALUE OP
	0    false X1    8     addi
	1    false X2    108   addi
	2    true  F0    0     fld 
	3    true  F0    0     fmul
	4    false F0    120   fmul
	5    false F4    8     fld 
	6    false F0    128   fadd
	7    false       0     fsd 
	8    false X1    16    addi
	9    false X2    116   addi
	10   false       12    bne 
	11   false F0    5     fld 
	12   false F0    60    fmul
	13   false F4    3     fld 
	14   false F0    63    fadd
	15   false       1     fsd 
Register Mapping
	X0 -> $ZERO = 0
	X1 -> $13 = 8
	X2 -> $14 = 108
	F0 -> $16 = 0
	F2 -> $2 = 12
	F4 -> $17 = 0
Clock Cycle: 27
 PC: 32 ================================================
Fetch Queue
	28: fsd F0, 0(X2)
Instruction (Decode) Queue
	fadd $18, $16, $17
Reservation Station
	Type	Busy	Remaining CC	Op    	Dest	Src1	Src2	ROB Index
	Load1	true 	1               fld 	$17 	$14 	$0  	4    
	Load2	false	-1              nop 	$0  	$0  	$0  	-1   
	BU1   	false	0               bne 	$0  	$7  	$ZERO	10   
	BU2   	false	-1              nop 	$0  	$0  	$0  	-1   
	INT1	false	0               addi	$14 	$8  	$0  	1    
	INT2	false	-1              nop 	$0  	$0  	$0  	-1   
	INT3	false	-1              nop 	$0  	$0  	$0  	-1   
	INT4	false	-1              nop 	$0  	$0  	$0  	-1   
	FPadd1	false	0               fadd	$12 	$10 	$11 	14   
	FPadd2	false	-1              nop 	$0  	$0  	$0  	-1   
	FPadd3	false	-1              nop 	$0  	$0  	$0  	-1   
	FPmult1	true 	4               fmul	$16 	$15 	$2  	3    
	FPmult2	false	-1              nop 	$0  	$0  	$0  	-1   
	FPmult3	false	-1              nop 	$0  	$0  	$0  	-1   
	FPDiv1	false	-1              nop 	$0  	$0  	$0  	-1   
	FPDiv2	false	-1              nop 	$0  	$0  	$0  	-1   
	Store1	false	0               fsd 	$0  	$8  	$12 	15   
	Store2	false	-1              nop 	$0  	$0  	$0  	-1   
Reorder Buffer
	HEAD:	3	TAIL:	5
	ROB  BUSY  DEST  VALUE OP
	0    false X1    8     addi
	1    false X2    108   addi
	2    false F0    14    fld 
	3    true  F0    0     fmul
	4    true  F4    0     fld 
	5    false F4    8     fld 
	6    false F0    128   fadd
	7    false       0     fsd 
	8    false X1    16    addi
	9    false X2    116   addi
	10   false       12    bne 
	11   false F0    5     fld 
	12   false F0    60    fmul
	13   false F4    3     fld 
	14   false F0    63    fadd
	15   false       1     fsd 
Register Mapping
	X0 -> $ZERO = 0
	X1 -> $13 = 8
	X2 -> $14 = 108
	F0 -> $18 = 0
	F2 -> $2 = 12
	F4 -> $17 = 0
Clock Cycle: 28
 PC: 36 ================================================
Fetch Queue
	32: addi X1, X1, -8
Instruction (Decode) Queue
	fsd  $18, 0($14)
Reservation Station
	Type	Busy	Remaining CC	Op    	Dest	Src1	Src2	ROB Index
	Load1	false	0               fld 	$17 	$14 	$0  	4    
	Load2	false	-1              nop 	$0  	$0  	$0  	-1   
	BU1   	false	0               bne 	$0  	$7  	$ZERO	10   
	BU2   	false	-1              nop 	$0  	$0  	$0  	-1   
	INT1	false	0               addi	$14 	$8  	$0  	1    
	INT2	false	-1              nop 	$0  	$0  	$0  	-1   
	INT3	false	-1              nop 	$0  	$0  	$0  	-1   
	INT4	false	-1              nop 	$0  	$0  	$0  	-1   
	FPadd1	true 	-1              fadd	$18 	$16 	$17 	5    
	FPadd2	false	-1              nop 	$0  	$0  	$0  	-1   
	FPadd3	false	-1              nop 	$0  	$0  	$0  	-1   
	FPmult1	true 	3               fmul	$16 	$15 	$2  	3    
	FPmult2	false	-1              nop 	$0  	$0  	$0  	-1   
	FPmult3	false	-1              nop 	$0  	$0  	$0  	-1   
	FPDiv1	false	-1              nop 	$0  	$0  	$0  	-1   
	FPDiv2	false	-1              nop 	$0  	$0  	$0  	-1   
	Store1	false	0               fsd 	$0  	$8  	$12 	15   
	Store2	false	-1              nop 	$0  	$0  	$0  	-1   
Reorder Buffer
	HEAD:	3	TAIL:	6
	ROB  BUSY  DEST  VALUE OP
	0    false X1    8     addi
	1    false X2    108   addi
	2    false F0    14    fld 
	3    true  F0    0     fmul
	4    false F4    27    fld 
	5    true  F0    0     fadd
	6    false F0    128   fadd
	7    false       0     fsd 
	8    false X1    16    addi
	9    false X2    116   addi
	10   false       12    bne 
	11   false F0    5     fld 
	12   false F0    60    fmul
	13   false F4    3     fld 
	14   false F0    63    fadd
	15   false       1     fsd 
Register Mapping
	X0 -> $ZERO = 0
	X1 -> $13 = 8
	X2 -> $14 = 108
	F0 -> $18 = 0
	F2 -> $2 = 12
	F4 -> $17 = 0
Clock Cycle: 29
 PC: 40 ================================================
Fetch Queue
	36: addi X2, X2, -8
Instruction (Decode) Queue
	addi $19, $13, -8
Reservation Station
	Type	Busy	Remaining CC	Op    	Dest	Src1	Src2	ROB Index
	Load1	false	0               fld 	$17 	$14 	$0  	4    
	Load2	false	-1              nop 	$0  	$0  	$0  	-1   
	BU1   	false	0               bne 	$0  	$7  	$ZERO	10   
	BU2   	false	-1              nop 	$0  	$0  	$0  	-1   
	INT1	false	0               addi	$14 	$8  	$0  	1    
	INT2	false	-1              nop 	$0  	$0  	$0  	-1   
	INT3	false	-1              nop 	$0  	$0  	$0  	-1   
	INT4	false	-1              nop 	$0  	$0  	$0  	-1   
	FPadd1	true 	-1              fadd	$18 	$16 	$17 	5    
	FPadd2	false	-1              nop 	$0  	$0  	$0  	-1   
	FPadd3	false	-1              nop 	$0  	$0  	$0  	-1   
	FPmult1	true 	2               fmul	$16 	$15 	$2  	3    
	FPmult2	false	-1              nop 	$0  	$0  	$0  	-1   
	FPmult3	false	-1              nop 	$0  	$0  	$0  	-1   
	FPDiv1	false	-1              nop 	$0  	$0  	$0  	-1   
	FPDiv2	false	-1              nop 	$0  	$0  	$0  	-1   
	Store1	true 	-1              fsd 	$0  	$14 	$18 	6    
	Store2	false	-1              nop 	$0  	$0  	$0  	-1   
Reorder Buffer
	HEAD:	3	TAIL:	7
	ROB  BUSY  DEST  VALUE OP
	0    false X1    8     addi
	1    false X2    108   addi
	2    false F0    14    fld 
	3    true  F0    0     fmul
	4    false F4    27    fld 
	5    true  F0    0     fadd
	6    true        0     fsd 
	7    false       0     fsd 
	8    false X1    16    addi
	9    false X2    116   addi
	10   false       12    bne 
	11   false F0    5     fld 
	12   false F0    60    fmul
	13   false F4    3     fld 
	14   false F0    63    fadd
	15   false       1     fsd 
Register Mapping
	X0 -> $ZERO = 0
	X1 -> $19 = 0
	X2 -> $14 = 108
	F0 -> $18 = 0
	F2 -> $2 = 12
	F4 -> $17 = 0
Clock Cycle: 30
 PC: -1 ================================================
Fetch Queue
	40: bne X1, X0, 12
Instruction (Decode) Queue
	addi $20, $14, -8
Reservation Station
	Type	Busy	Remaining CC	Op    	Dest	Src1	Src2	ROB Index
	Load1	false	0               fld 	$17 	$14 	$0  	4    
	Load2	false	-1              nop 	$0  	$0  	$0  	-1   
	BU1   	false	0               bne 	$0  	$7  	$ZERO	10   
	BU2   	false	-1              nop 	$0  	$0  	$0  	-1   
	INT1	true 	1               addi	$19 	$13 	$0  	7    
	INT2	false	-1              nop 	$0  	$0  	$0  	-1   
	INT3	false	-1              nop 	$0  	$0  	$0  	-1   
	INT4	false	-1              nop 	$0  	$0  	$0  	-1   
	FPadd1	true 	-1              fadd	$18 	$16 	$17 	5    
	FPadd2	false	-1              nop 	$0  	$0  	$0  	-1   
	FPadd3	false	-1              nop 	$0  	$0  	$0  	-1   
	FPmult1	true 	1               fmul	$16 	$15 	$2  	3    
	FPmult2	false	-1              nop 	$0  	$0  	$0  	-1   
	FPmult3	false	-1              nop 	$0  	$0  	$0  	-1   
	FPDiv1	false	-1              nop 	$0  	$0  	$0  	-1   
	FPDiv2	false	-1              nop 	$0  	$0  	$0  	-1   
	Store1	true 	-1              fsd 	$0  	$14 	$18 	6    
	Store2	false	-1              nop 	$0  	$0  	$0  	-1   
Reorder Buffer
	HEAD:	3	TAIL:	8
	ROB  BUSY  DEST  VALUE OP
	0    false X1    8     addi
	1    false X2    108   addi
	2    false F0    14    fld 
	3    true  F0    0     fmul
	4    false F4    27    fld 
	5    true  F0    0     fadd
	6    true        0     fsd 
	7    true  X1    0     addi
	8    false X1    16    addi
	9    false X2    116   addi
	10   false       12    bne 
	11   false F0    5     fld 
	12   false F0    60    fmul
	13   false F4    3     fld 
	14   false F0    63    fadd
	15   false       1     fsd 
Register Mapping
	X0 -> $ZERO = 0
	X1 -> $19 = 0
	X2 -> $20 = 0
	F0 -> $18 = 0
	F2 -> $2 = 12
	F4 -> $17 = 0
Clock Cycle: 31
 PC: -1 ================================================
Fetch Queue
Instruction (Decode) Queue
	bne  $19, $ZERO, 12
Reservation Station
	Type	Busy	Remaining CC	Op    	Dest	Src1	Src2	ROB Index
	Load1	false	0               fld 	$17 	$14 	$0  	4    
	Load2	false	-1              nop 	$0  	$0  	$0  	-1   
	BU1   	false	0               bne 	$0  	$7  	$ZERO	10   
	BU2   	false	-1              nop 	$0  	$0  	$0  	-1   
	INT1	true 	1               addi	$20 	$14 	$0  	8    
	INT2	false	-1              nop 	$0  	$0  	$0  	-1   
	INT3	false	-1              nop 	$0  	$0  	$0  	-1   
	INT4	false	-1              nop 	$0  	$0  	$0  	-1   
	FPadd1	true 	-1              fadd	$18 	$16 	$17 	5    
	FPadd2	false	-1              nop 	$0  	$0  	$0  	-1   
	FPadd3	false	-1              nop 	$0  	$0  	$0  	-1   
	FPmult1	true 	1               fmul	$16 	$15 	$2  	3    
	FPmult2	false	-1              nop 	$0  	$0  	$0  	-1   
	FPmult3	false	-1              nop 	$0  	$0  	$0  	-1   
	FPDiv1	false	-1              nop 	$0  	$0  	$0  	-1   
	FPDiv2	false	-1              nop 	$0  	$0  	$0  	-1   
	Store1	true 	-1              fsd 	$0  	$14 	$18 	6    
	Store2	false	-1              nop 	$0  	$0  	$0  	-1   
Reorder Buffer
	HEAD:	3	TAIL:	9
	ROB  BUSY  DEST  VALUE OP
	0    false X1    8     addi
	1    false X2    108   addi
	2    false F0    14    fld 
	3    true  F0    0     fmul
	4    false F4    27    fld 
	5    true  F0    0     fadd
	6    true        0     fsd 
	7    false X1    0     addi
	8    true  X2    0     addi
	9    false X2    116   addi
	10   false       12    bne 
	11   false F0    5     fld 
	12   false F0    60    fmul
	13   false F4    3     fld 
	14   false F0    63    fadd
	15   false       1     fsd 
Register Mapping
	X0 -> $ZERO = 0
	X1 -> $19 = 0
	X2 -> $20 = 0
	F0 -> $18 = 0
	F2 -> $2 = 12
	F4 -> $17 = 0
Clock Cycle: 32
 PC: -1 ================================================
Fetch Queue
Instruction (Decode) Queue
Reservation Station
	Type	Busy	Remaining CC	Op    	Dest	Src1	Src2	ROB Index
	Load1	false	0               fld 	$17 	$14 	$0  	4    
	Load2	false	-1              nop 	$0  	$0  	$0  	-1   
	BU1   	true 	-1              bne 	$0  	$19 	$ZERO	9    
	BU2   	false	-1              nop 	$0  	$0  	$0  	-1   
	INT1	false	0               addi	$20 	$14 	$0  	8    
	INT2	false	-1              nop 	$0  	$0  	$0  	-1   
	INT3	false	-1              nop 	$0  	$0  	$0  	-1   
	INT4	false	-1              nop 	$0  	$0  	$0  	-1   
	FPadd1	true 	-1              fadd	$18 	$16 	$17 	5    
	FPadd2	false	-1              nop 	$0  	$0  	$0  	-1   
	FPadd3	false	-1              nop 	$0  	$0  	$0  	-1   
	FPmult1	true 	1               fmul	$16 	$15 	$2  	3    
	FPmult2	false	-1              nop 	$0  	$0  	$0  	-1   
	FPmult3	false	-1              nop 	$0  	$0  	$0  	-1   
	FPDiv1	false	-1              nop 	$0  	$0  	$0  	-1   
	FPDiv2	false	-1              nop 	$0  	$0  	$0  	-1   
	Store1	true 	-1              fsd 	$0  	$14 	$18 	6    
	Store2	false	-1              nop 	$0  	$0  	$0  	-1   
Reorder Buffer
	HEAD:	3	TAIL:	10
	ROB  BUSY  DEST  VALUE OP
	0    false X1    8     addi
	1    false X2    108   addi
	2    false F0    14    fld 
	3    true  F0    0     fmul
	4    false F4    27    fld 
	5    true  F0    0     fadd
	6    true        0     fsd 
	7    false X1    0     addi
	8    false X2    100   addi
	9    true        0     bne 
	10   false       12    bne 
	11   false F0    5     fld 
	12   false F0    60    fmul
	13   false F4    3     fld 
	14   false F0    63    fadd
	15   false       1     fsd 
Register Mapping
	X0 -> $ZERO = 0
	X1 -> $19 = 0
	X2 -> $20 = 0
	F0 -> $18 = 0
	F2 -> $2 = 12
	F4 -> $17 = 0
Clock Cycle: 33
 PC: -1 ================================================
Fetch Queue
Instruction (Decode) Queue
Reservation Station
	Type	Busy	Remaining CC	Op    	Dest	Src1	Src2	ROB Index
	Load1	false	0               fld 	$17 	$14 	$0  	4    
	Load2	false	-1              nop 	$0  	$0  	$0  	-1   
	BU1   	true 	1               bne 	$0  	$19 	$ZERO	9    
	BU2   	false	-1              nop 	$0  	$0  	$0  	-1   
	INT1	false	0               addi	$20 	$14 	$0  	8    
	INT2	false	-1              nop 	$0  	$0  	$0  	-1   
	INT3	false	-1              nop 	$0  	$0  	$0  	-1   
	INT4	false	-1              nop 	$0  	$0  	$0  	-1   
	FPadd1	true 	3               fadd	$18 	$16 	$17 	5    
	FPadd2	false	-1              nop 	$0  	$0  	$0  	-1   
	FPadd3	false	-1              nop 	$0  	$0  	$0  	-1   
	FPmult1	false	0               fmul	$16 	$15 	$2  	3    
	FPmult2	false	-1              nop 	$0  	$0  	$0  	-1   
	FPmult3	false	-1              nop 	$0  	$0  	$0  	-1   
	FPDiv1	false	-1              nop 	$0  	$0  	$0  	-1   
	FPDiv2	false	-1              nop 	$0  	$0  	$0  	-1   
	Store1	true 	-1              fsd 	$0  	$14 	$18 	6    
	Store2	false	-1              nop 	$0  	$0  	$0  	-1   
Reorder Buffer
	HEAD:	5	TAIL:	10
	ROB  BUSY  DEST  VALUE OP
	0    false X1    8     addi
	1    false X2    108   addi
	2    false F0    14    fld 
	3    false F0    168   fmul
	4    false F4    27    fld 
	5    true  F0    0     fadd
	6    true        0     fsd 
	7    false X1    0     addi
	8    false X2    100   addi
	9    true        0     bne 
	10   false       12    bne 
	11   false F0    5     fld 
	12   false F0    60    fmul
	13   false F4    3     fld 
	14   false F0    63    fadd
	15   false       1     fsd 
Register Mapping
	X0 -> $ZERO = 0
	X1 -> $19 = 0
	X2 -> $20 = 0
	F0 -> $18 = 0
	F2 -> $2 = 12
	F4 -> $17 = 27
Clock Cycle: 34
 PC: 44 ================================================
Fetch Queue
Instruction (Decode) Queue
Reservation Station
	Type	Busy	Remaining CC	Op    	Dest	Src1	Src2	ROB Index
	Load1	false	0               fld 	$17 	$14 	$0  	4    
	Load2	false	-1              nop 	$0  	$0  	$0  	-1   
	BU1   	false	0               bne 	$0  	$19 	$ZERO	9    
	BU2   	false	-1              nop 	$0  	$0  	$0  	-1   
	INT1	false	0               addi	$20 	$14 	$0  	8    
	INT2	false	-1              nop 	$0  	$0  	$0  	-1   
	INT3	false	-1              nop 	$0  	$0  	$0  	-1   
	INT4	false	-1              nop 	$0  	$0  	$0  	-1   
	FPadd1	true 	2               fadd	$18 	$16 	$17 	5    
	FPadd2	false	-1              nop 	$0  	$0  	$0  	-1   
	FPadd3	false	-1              nop 	$0  	$0  	$0  	-1   
	FPmult1	false	0               fmul	$16 	$15 	$2  	3    
	FPmult2	false	-1              nop 	$0  	$0  	$0  	-1   
	FPmult3	false	-1              nop 	$0  	$0  	$0  	-1   
	FPDiv1	false	-1              nop 	$0  	$0  	$0  	-1   
	FPDiv2	false	-1              nop 	$0  	$0  	$0  	-1   
	Store1	true 	-1              fsd 	$0  	$14 	$18 	6    
	Store2	false	-1              nop 	$0  	$0  	$0  	-1   
Reorder Buffer
	HEAD:	5	TAIL:	10
	ROB  BUSY  DEST  VALUE OP
	0    false X1    8     addi
	1    false X2    108   addi
	2    false F0    14    fld 
	3    false F0    168   fmul
	4    false F4    27    fld 
	5    true  F0    0     fadd
	6    true        0     fsd 
	7    false X1    0     addi
	8    false X2    100   addi
	9    false       44    bne 
	10   false       12    bne 
	11   false F0    5     fld 
	12   false F0    60    fmul
	13   false F4    3     fld 
	14   false F0    63    fadd
	15   false       1     fsd 
Register Mapping
	X0 -> $ZERO = 0
	X1 -> $19 = 0
	X2 -> $20 = 0
	F0 -> $18 = 0
	F2 -> $2 = 12
	F4 -> $17 = 27
Clock Cycle: 35
 PC: 44 ================================================
Fetch Queue
Instruction (Decode) Queue
Reservation Station
	Type	Busy	Remaining CC	Op    	Dest	Src1	Src2	ROB Index
	Load1	false	0               fld 	$17 	$14 	$0  	4    
	Load2	false	-1              nop 	$0  	$0  	$0  	-1   
	BU1   	false	0               bne 	$0  	$19 	$ZERO	9    
	BU2   	false	-1              nop 	$0  	$0  	$0  	-1   
	INT1	false	0               addi	$20 	$14 	$0  	8    
	INT2	false	-1              nop 	$0  	$0  	$0  	-1   
	INT3	false	-1              nop 	$0  	$0  	$0  	-1   
	INT4	false	-1              nop 	$0  	$0  	$0  	-1   
	FPadd1	true 	1               fadd	$18 	$16 	$17 	5    
	FPadd2	false	-1              nop 	$0  	$0  	$0  	-1   
	FPadd3	false	-1              nop 	$0  	$0  	$0  	-1   
	FPmult1	false	0               fmul	$16 	$15 	$2  	3    
	FPmult2	false	-1              nop 	$0  	$0  	$0  	-1   
	FPmult3	false	-1              nop 	$0  	$0  	$0  	-1   
	FPDiv1	false	-1              nop 	$0  	$0  	$0  	-1   
	FPDiv2	false	-1              nop 	$0  	$0  	$0  	-1   
	Store1	true 	-1              fsd 	$0  	$14 	$18 	6    
	Store2	false	-1              nop 	$0  	$0  	$0  	-1   
Reorder Buffer
	HEAD:	5	TAIL:	10
	ROB  BUSY  DEST  VALUE OP
	0    false X1    8     addi
	1    false X2    108   addi
	2    false F0    14    fld 
	3    false F0    168   fmul
	4    false F4    27    fld 
	5    true  F0    0     fadd
	6    true        0     fsd 
	7    false X1    0     addi
	8    false X2    100   addi
	9    false       44    bne 
	10   false       12    bne 
	11   false F0    5     fld 
	12   false F0    60    fmul
	13   false F4    3     fld 
	14   false F0    63    fadd
	15   false       1     fsd 
Register Mapping
	X0 -> $ZERO = 0
	X1 -> $19 = 0
	X2 -> $20 = 0
	F0 -> $18 = 0
	F2 -> $2 = 12
	F4 -> $17 = 27
Clock Cycle: 36
 PC: 44 ================================================
Fetch Queue
Instruction (Decode) Queue
Reservation Station
	Type	Busy	Remaining CC	Op    	Dest	Src1	Src2	ROB Index
	Load1	false	0               fld 	$17 	$14 	$0  	4    
	Load2	false	-1              nop 	$0  	$0  	$0  	-1   
	BU1   	false	0               bne 	$0  	$19 	$ZERO	9    
	BU2   	false	-1              nop 	$0  	$0  	$0  	-1   
	INT1	false	0               addi	$20 	$14 	$0  	8    
	INT2	false	-1              nop 	$0  	$0  	$0  	-1   
	INT3	false	-1              nop 	$0  	$0  	$0  	-1   
	INT4	false	-1              nop 	$0  	$0  	$0  	-1   
	FPadd1	false	0               fadd	$18 	$16 	$17 	5    
	FPadd2	false	-1              nop 	$0  	$0  	$0  	-1   
	FPadd3	false	-1              nop 	$0  	$0  	$0  	-1   
	FPmult1	false	0               fmul	$16 	$15 	$2  	3    
	FPmult2	false	-1              nop 	$0  	$0  	$0  	-1   
	FPmult3	false	-1              nop 	$0  	$0  	$0  	-1   
	FPDiv1	false	-1              nop 	$0  	$0  	$0  	-1   
	FPDiv2	false	-1              nop 	$0  	$0  	$0  	-1   
	Store1	true 	1               fsd 	$0  	$14 	$18 	6    
	Store2	false	-1              nop 	$0  	$0  	$0  	-1   
Reorder Buffer
	HEAD:	6	TAIL:	10
	ROB  BUSY  DEST  VALUE OP
	0    false X1    8     addi
	1    false X2    108   addi
	2    false F0    14    fld 
	3    false F0    168   fmul
	4    false F4    27    fld 
	5    false F0    195   fadd
	6    true        0     fsd 
	7    false X1    0     addi
	8    false X2    100   addi
	9    false       44    bne 
	10   false       12    bne 
	11   false F0    5     fld 
	12   false F0    60    fmul
	13   false F4    3     fld 
	14   false F0    63    fadd
	15   false       1     fsd 
Register Mapping
	X0 -> $ZERO = 0
	X1 -> $19 = 0
	X2 -> $20 = 0
	F0 -> $18 = 195
	F2 -> $2 = 12
	F4 -> $17 = 27
Clock Cycle: 37
 PC: 44 ================================================
Fetch Queue
Instruction (Decode) Queue
Reservation Station
	Type	Busy	Remaining CC	Op    	Dest	Src1	Src2	ROB Index
	Load1	false	0               fld 	$17 	$14 	$0  	4    
	Load2	false	-1              nop 	$0  	$0  	$0  	-1   
	BU1   	false	0               bne 	$0  	$19 	$ZERO	9    
	BU2   	false	-1              nop 	$0  	$0  	$0  	-1   
	INT1	false	0               addi	$20 	$14 	$0  	8    
	INT2	false	-1              nop 	$0  	$0  	$0  	-1   
	INT3	false	-1              nop 	$0  	$0  	$0  	-1   
	INT4	false	-1              nop 	$0  	$0  	$0  	-1   
	FPadd1	false	0               fadd	$18 	$16 	$17 	5    
	FPadd2	false	-1              nop 	$0  	$0  	$0  	-1   
	FPadd3	false	-1              nop 	$0  	$0  	$0  	-1   
	FPmult1	false	0               fmul	$16 	$15 	$2  	3    
	FPmult2	false	-1              nop 	$0  	$0  	$0  	-1   
	FPmult3	false	-1              nop 	$0  	$0  	$0  	-1   
	FPDiv1	false	-1              nop 	$0  	$0  	$0  	-1   
	FPDiv2	false	-1              nop 	$0  	$0  	$0  	-1   
	Store1	false	0               fsd 	$0  	$14 	$18 	6    
	Store2	false	-1              nop 	$0  	$0  	$0  	-1   
Reorder Buffer
	HEAD:	10	TAIL:	10
	ROB  BUSY  DEST  VALUE OP
	0    false X1    8     addi
	1    false X2    108   addi
	2    false F0    14    fld 
	3    false F0    168   fmul
	4    false F4    27    fld 
	5    false F0    195   fadd
	6    false       2     fsd 
	7    false X1    0     addi
	8    false X2    100   addi
	9    false       44    bne 
	10   false       12    bne 
	11   false F0    5     fld 
	12   false F0    60    fmul
	13   false F4    3     fld 
	14   false F0    63    fadd
	15   false       1     fsd 
Register Mapping
	X0 -> $ZERO = 0
	X1 -> $19 = 0
	X2 -> $20 = 100
	F0 -> $18 = 195
	F2 -> $2 = 12
	F4 -> $17 = 27
Simulation complete!
Total CCs: 37
RS Stalls: 0
ROB Stalls: 0
