[Initial Memory State]
Instruction Cache
	0: addi X1, X0, 24
	4: addi X2, X1, 124
Data Cache
	Address	Value
	0:	111
	8:	14
	16:	5
	24:	10
	100:	2
	108:	27
	116:	3
	124:	8
	200:	12

[Simulation Results]
Clock Cycle: 1
 PC: 8 ================================================
Fetch Queue
	0: addi X1, X0, 24
	4: addi X2, X1, 124
Instruction (Decode) Queue
Reservation Station
	Type	Busy	Remaining CC	Op    	Dest	Src1	Src2	ROB Index
	Load1	false	-1              nop 	$0  	$0  	$0  	-1   
	Load2	false	-1              nop 	$0  	$0  	$0  	-1   
	BU1   	false	-1              nop 	$0  	$0  	$0  	-1   
	BU2   	false	-1              nop 	$0  	$0  	$0  	-1   
	INT1	false	-1              nop 	$0  	$0  	$0  	-1   
	INT2	false	-1              nop 	$0  	$0  	$0  	-1   
	INT3	false	-1              nop 	$0  	$0  	$0  	-1   
	INT4	false	-1              nop 	$0  	$0  	$0  	-1   
	FPadd1	false	-1              nop 	$0  	$0  	$0  	-1   
	FPadd2	false	-1              nop 	$0  	$0  	$0  	-1   
	FPadd3	false	-1              nop 	$0  	$0  	$0  	-1   
	FPmult1	false	-1              nop 	$0  	$0  	$0  	-1   
	FPmult2	false	-1              nop 	$0  	$0  	$0  	-1   
	FPDiv1	false	-1              nop 	$0  	$0  	$0  	-1   
	Store1	false	-1              nop 	$0  	$0  	$0  	-1   
	Store2	false	-1              nop 	$0  	$0  	$0  	-1   
Reorder Buffer
	HEAD:	0	TAIL:	0
	ROB  BUSY  DEST  VALUE OP
	0    false       0     nop 
	1    false       0     nop 
	2    false       0     nop 
	3    false       0     nop 
	4    false       0     nop 
	5    false       0     nop 
	6    false       0     nop 
	7    false       0     nop 
	8    false       0     nop 
	9    false       0     nop 
	10   false       0     nop 
	11   false       0     nop 
	12   false       0     nop 
	13   false       0     nop 
	14   false       0     nop 
	15   false       0     nop 
Register Mapping
	X0 -> $ZERO = 0
Clock Cycle: 2
 PC: 8 ================================================
Fetch Queue
Instruction (Decode) Queue
	addi $0, $ZERO, 24
	addi $1, $0, 124
Reservation Station
	Type	Busy	Remaining CC	Op    	Dest	Src1	Src2	ROB Index
	Load1	false	-1              nop 	$0  	$0  	$0  	-1   
	Load2	false	-1              nop 	$0  	$0  	$0  	-1   
	BU1   	false	-1              nop 	$0  	$0  	$0  	-1   
	BU2   	false	-1              nop 	$0  	$0  	$0  	-1   
	INT1	false	-1              nop 	$0  	$0  	$0  	-1   
	INT2	false	-1              nop 	$0  	$0  	$0  	-1   
	INT3	false	-1              nop 	$0  	$0  	$0  	-1   
	INT4	false	-1              nop 	$0  	$0  	$0  	-1   
	FPadd1	false	-1              nop 	$0  	$0  	$0  	-1   
	FPadd2	false	-1              nop 	$0  	$0  	$0  	-1   
	FPadd3	false	-1              nop 	$0  	$0  	$0  	-1   
	FPmult1	false	-1              nop 	$0  	$0  	$0  	-1   
	FPmult2	false	-1              nop 	$0  	$0  	$0  	-1   
	FPDiv1	false	-1              nop 	$0  	$0  	$0  	-1   
	Store1	false	-1              nop 	$0  	$0  	$0  	-1   
	Store2	false	-1              nop 	$0  	$0  	$0  	-1   
Reorder Buffer
	HEAD:	0	TAIL:	0
	ROB  BUSY  DEST  VALUE OP
	0    false       0     nop 
	1    false       0     nop 
	2    false       0     nop 
	3    false       0     nop 
	4    false       0     nop 
	5    false       0     nop 
	6    false       0     nop 
	7    false       0     nop 
	8    false       0     nop 
	9    false       0     nop 
	10   false       0     nop 
	11   false       0     nop 
	12   false       0     nop 
	13   false       0     nop 
	14   false       0     nop 
	15   false       0     nop 
Register Mapping
	X0 -> $ZERO = 0
	X1 -> $0 = 0
	X2 -> $1 = 0
Clock Cycle: 3
 PC: 8 ================================================
Fetch Queue
Instruction (Decode) Queue
Reservation Station
	Type	Busy	Remaining CC	Op    	Dest	Src1	Src2	ROB Index
	Load1	false	-1              nop 	$0  	$0  	$0  	-1   
	Load2	false	-1              nop 	$0  	$0  	$0  	-1   
	BU1   	false	-1              nop 	$0  	$0  	$0  	-1   
	BU2   	false	-1              nop 	$0  	$0  	$0  	-1   
	INT1	true 	1               addi	$0  	$ZERO	$0  	0    
	INT2	true 	-1              addi	$1  	$0  	$0  	1    
	INT3	false	-1              nop 	$0  	$0  	$0  	-1   
	INT4	false	-1              nop 	$0  	$0  	$0  	-1   
	FPadd1	false	-1              nop 	$0  	$0  	$0  	-1   
	FPadd2	false	-1              nop 	$0  	$0  	$0  	-1   
	FPadd3	false	-1              nop 	$0  	$0  	$0  	-1   
	FPmult1	false	-1              nop 	$0  	$0  	$0  	-1   
	FPmult2	false	-1              nop 	$0  	$0  	$0  	-1   
	FPDiv1	false	-1              nop 	$0  	$0  	$0  	-1   
	Store1	false	-1              nop 	$0  	$0  	$0  	-1   
	Store2	false	-1              nop 	$0  	$0  	$0  	-1   
Reorder Buffer
	HEAD:	0	TAIL:	2
	ROB  BUSY  DEST  VALUE OP
	0    true  X1    0     addi
	1    true  X2    0     addi
	2    false       0     nop 
	3    false       0     nop 
	4    false       0     nop 
	5    false       0     nop 
	6    false       0     nop 
	7    false       0     nop 
	8    false       0     nop 
	9    false       0     nop 
	10   false       0     nop 
	11   false       0     nop 
	12   false       0     nop 
	13   false       0     nop 
	14   false       0     nop 
	15   false       0     nop 
Register Mapping
	X0 -> $ZERO = 0
	X1 -> $0 = 0
	X2 -> $1 = 0
Clock Cycle: 4
 PC: 8 ================================================
Fetch Queue
Instruction (Decode) Queue
Reservation Station
	Type	Busy	Remaining CC	Op    	Dest	Src1	Src2	ROB Index
	Load1	false	-1              nop 	$0  	$0  	$0  	-1   
	Load2	false	-1              nop 	$0  	$0  	$0  	-1   
	BU1   	false	-1              nop 	$0  	$0  	$0  	-1   
	BU2   	false	-1              nop 	$0  	$0  	$0  	-1   
	INT1	false	0               addi	$0  	$ZERO	$0  	0    
	INT2	true 	1               addi	$1  	$0  	$0  	1    
	INT3	false	-1              nop 	$0  	$0  	$0  	-1   
	INT4	false	-1              nop 	$0  	$0  	$0  	-1   
	FPadd1	false	-1              nop 	$0  	$0  	$0  	-1   
	FPadd2	false	-1              nop 	$0  	$0  	$0  	-1   
	FPadd3	false	-1              nop 	$0  	$0  	$0  	-1   
	FPmult1	false	-1              nop 	$0  	$0  	$0  	-1   
	FPmult2	false	-1              nop 	$0  	$0  	$0  	-1   
	FPDiv1	false	-1              nop 	$0  	$0  	$0  	-1   
	Store1	false	-1              nop 	$0  	$0  	$0  	-1   
	Store2	false	-1              nop 	$0  	$0  	$0  	-1   
Reorder Buffer
	HEAD:	1	TAIL:	2
	ROB  BUSY  DEST  VALUE OP
	0    false X1    24    addi
	1    true  X2    0     addi
	2    false       0     nop 
	3    false       0     nop 
	4    false       0     nop 
	5    false       0     nop 
	6    false       0     nop 
	7    false       0     nop 
	8    false       0     nop 
	9    false       0     nop 
	10   false       0     nop 
	11   false       0     nop 
	12   false       0     nop 
	13   false       0     nop 
	14   false       0     nop 
	15   false       0     nop 
Register Mapping
	X0 -> $ZERO = 0
	X1 -> $0 = 24
	X2 -> $1 = 0
Clock Cycle: 5
 PC: 8 ================================================
Fetch Queue
Instruction (Decode) Queue
Reservation Station
	Type	Busy	Remaining CC	Op    	Dest	Src1	Src2	ROB Index
	Load1	false	-1              nop 	$0  	$0  	$0  	-1   
	Load2	false	-1              nop 	$0  	$0  	$0  	-1   
	BU1   	false	-1              nop 	$0  	$0  	$0  	-1   
	BU2   	false	-1              nop 	$0  	$0  	$0  	-1   
	INT1	false	0               addi	$0  	$ZERO	$0  	0    
	INT2	false	0               addi	$1  	$0  	$0  	1    
	INT3	false	-1              nop 	$0  	$0  	$0  	-1   
	INT4	false	-1              nop 	$0  	$0  	$0  	-1   
	FPadd1	false	-1              nop 	$0  	$0  	$0  	-1   
	FPadd2	false	-1              nop 	$0  	$0  	$0  	-1   
	FPadd3	false	-1              nop 	$0  	$0  	$0  	-1   
	FPmult1	false	-1              nop 	$0  	$0  	$0  	-1   
	FPmult2	false	-1              nop 	$0  	$0  	$0  	-1   
	FPDiv1	false	-1              nop 	$0  	$0  	$0  	-1   
	Store1	false	-1              nop 	$0  	$0  	$0  	-1   
	Store2	false	-1              nop 	$0  	$0  	$0  	-1   
Reorder Buffer
	HEAD:	2	TAIL:	2
	ROB  BUSY  DEST  VALUE OP
	0    false X1    24    addi
	1    false X2    148   addi
	2    false       0     nop 
	3    false       0     nop 
	4    false       0     nop 
	5    false       0     nop 
	6    false       0     nop 
	7    false       0     nop 
	8    false       0     nop 
	9    false       0     nop 
	10   false       0     nop 
	11   false       0     nop 
	12   false       0     nop 
	13   false       0     nop 
	14   false       0     nop 
	15   false       0     nop 
Register Mapping
	X0 -> $ZERO = 0
	X1 -> $0 = 24
	X2 -> $1 = 148
Simulation complete!
Total CCs: 5
RS Stalls: 0
ROB Stalls: 0
